<?xml version="1.0" encoding="UTF-8" standalone="yes"?><!DOCTYPE report PUBLIC "-//JACOCO//DTD Report 1.1//EN" "report.dtd"><report name="PulseGuard Streaming"><sessioninfo id="runnervmlun5p-f285e1ed" start="1789281869408" dump="1789281880630"/><package name="io/pulseguard/streaming"><class name="io/pulseguard/streaming/PulseGuardStreaming$1" sourcefilename="PulseGuardStreaming.java"><method name="&lt;init&gt;" desc="()V" line="37"><counter type="INSTRUCTION" missed="3" covered="0"/><counter type="LINE" missed="1" covered="0"/><counter type="COMPLEXITY" missed="1" covered="0"/><counter type="METHOD" missed="1" covered="0"/></method><method name="onQueryStarted" desc="(Lorg/apache/spark/sql/streaming/StreamingQueryListener$QueryStartedEvent;)V" line="39"><counter type="INSTRUCTION" missed="8" covered="0"/><counter type="LINE" missed="2" covered="0"/><counter type="COMPLEXITY" missed="1" covered="0"/><counter type="METHOD" missed="1" covered="0"/></method><method name="onQueryProgress" desc="(Lorg/apache/spark/sql/streaming/StreamingQueryListener$QueryProgressEvent;)V" line="43"><counter type="INSTRUCTION" missed="7" covered="0"/><counter type="LINE" missed="2" covered="0"/><counter type="COMPLEXITY" missed="1" covered="0"/><counter type="METHOD" missed="1" covered="0"/></method><method name="onQueryTerminated" desc="(Lorg/apache/spark/sql/streaming/StreamingQueryListener$QueryTerminatedEvent;)V" line="46"><counter type="INSTRUCTION" missed="8" covered="0"/><counter type="LINE" missed="2" covered="0"/><counter type="COMPLEXITY" missed="1" covered="0"/><counter type="METHOD" missed="1" covered="0"/></method><counter type="INSTRUCTION" missed="26" covered="0"/><counter type="LINE" missed="7" covered="0"/><counter type="COMPLEXITY" missed="4" covered="0"/><counter type="METHOD" missed="4" covered="0"/><counter type="CLASS" missed="1" covered="0"/></class><class name="io/pulseguard/streaming/TransactionEvent" sourcefilename="TransactionEvent.java"><method name="&lt;init&gt;" desc="(Ljava/lang/String;Ljava/lang/String;Ljava/lang/String;JLjava/lang/String;Ljava/lang/String;Ljava/lang/String;Ljava/time/Instant;)V" line="7"><counter type="INSTRUCTION" missed="0" covered="27"/><counter type="LINE" missed="0" covered="1"/><counter type="COMPLEXITY" missed="0" covered="1"/><counter type="METHOD" missed="0" covered="1"/></method><counter type="INSTRUCTION" missed="0" covered="27"/><counter type="LINE" missed="0" covered="1"/><counter type="COMPLEXITY" missed="0" covered="1"/><counter type="METHOD" missed="0" covered="1"/><counter type="CLASS" missed="0" covered="1"/></class><class name="io/pulseguard/streaming/WindowSnapshot" sourcefilename="WindowSnapshot.java"><method name="&lt;init&gt;" desc="(Ljava/lang/String;Ljava/lang/String;Ljava/time/Instant;Ljava/time/Instant;JJJJ)V" line="9"><counter type="INSTRUCTION" missed="0" covered="27"/><counter type="LINE" missed="0" covered="1"/><counter type="COMPLEXITY" missed="0" covered="1"/><counter type="METHOD" missed="0" covered="1"/></method><method name="from" desc="(Lorg/apache/spark/sql/Row;)Lio/pulseguard/streaming/WindowSnapshot;" line="13"><counter type="INSTRUCTION" missed="0" covered="42"/><counter type="LINE" missed="0" covered="5"/><counter type="COMPLEXITY" missed="0" covered="1"/><counter type="METHOD" missed="0" covered="1"/></method><method name="id" desc="()Ljava/lang/String;" line="21"><counter type="INSTRUCTION" missed="0" covered="9"/><counter type="LINE" missed="0" covered="1"/><counter type="COMPLEXITY" missed="0" covered="1"/><counter type="METHOD" missed="0" covered="1"/></method><method name="document" desc="(Ljava/time/Instant;)Lorg/bson/Document;" line="25"><counter type="INSTRUCTION" missed="0" covered="49"/><counter type="LINE" missed="0" covered="5"/><counter type="COMPLEXITY" missed="0" covered="1"/><counter type="METHOD" missed="0" covered="1"/></method><counter type="INSTRUCTION" missed="0" covered="127"/><counter type="LINE" missed="0" covered="12"/><counter type="COMPLEXITY" missed="0" covered="4"/><counter type="METHOD" missed="0" covered="4"/><counter type="CLASS" missed="0" covered="1"/></class><class name="io/pulseguard/streaming/MongoSinks" sourcefilename="MongoSinks.java"><method name="writeEvents" desc="(Lorg/apache/spark/sql/Dataset;Ljava/lang/String;)V" line="35"><counter type="INSTRUCTION" missed="5" covered="0"/><counter type="LINE" missed="2" covered="0"/><counter type="COMPLEXITY" missed="1" covered="0"/><counter type="METHOD" missed="1" covered="0"/></method><method name="writeWindows" desc="(Lorg/apache/spark/sql/Dataset;Ljava/lang/String;)V" line="39"><counter type="INSTRUCTION" missed="5" covered="0"/><counter type="LINE" missed="2" covered="0"/><counter type="COMPLEXITY" missed="1" covered="0"/><counter type="METHOD" missed="1" covered="0"/></method><method name="writeEventPartition" desc="(Ljava/util/Iterator;Ljava/lang/String;)V" line="43"><counter type="INSTRUCTION" missed="162" covered="0"/><counter type="BRANCH" missed="10" covered="0"/><counter type="LINE" missed="26" covered="0"/><counter type="COMPLEXITY" missed="6" covered="0"/><counter type="METHOD" missed="1" covered="0"/></method><method name="writeWindowPartition" desc="(Ljava/util/Iterator;Ljava/lang/String;)V" line="73"><counter type="INSTRUCTION" missed="85" covered="0"/><counter type="BRANCH" missed="8" covered="0"/><counter type="LINE" missed="17" covered="0"/><counter type="COMPLEXITY" missed="5" covered="0"/><counter type="METHOD" missed="1" covered="0"/></method><method name="insertOnce" desc="(Lorg/bson/Document;)Lcom/mongodb/client/model/UpdateOneModel;" line="94"><counter type="INSTRUCTION" missed="0" covered="19"/><counter type="LINE" missed="0" covered="2"/><counter type="COMPLEXITY" missed="0" covered="1"/><counter type="METHOD" missed="0" covered="1"/></method><method name="database" desc="(Lcom/mongodb/client/MongoClient;Ljava/lang/String;)Lcom/mongodb/client/MongoDatabase;" line="99"><counter type="INSTRUCTION" missed="16" covered="0"/><counter type="BRANCH" missed="2" covered="0"/><counter type="LINE" missed="3" covered="0"/><counter type="COMPLEXITY" missed="2" covered="0"/><counter type="METHOD" missed="1" covered="0"/></method><method name="flush" desc="(Lcom/mongodb/client/MongoCollection;Ljava/util/List;)V" line="105"><counter type="INSTRUCTION" missed="16" covered="0"/><counter type="BRANCH" missed="2" covered="0"/><counter type="LINE" missed="4" covered="0"/><counter type="COMPLEXITY" missed="2" covered="0"/><counter type="METHOD" missed="1" covered="0"/></method><method name="lambda$writeWindowPartition$1" desc="(Ljava/util/List;Lorg/bson/Document;)V" line="84"><counter type="INSTRUCTION" missed="6" covered="0"/><counter type="LINE" missed="1" covered="0"/><counter type="COMPLEXITY" missed="1" covered="0"/><counter type="METHOD" missed="1" covered="0"/></method><method name="lambda$writeEventPartition$0" desc="(Ljava/util/List;Lorg/bson/Document;)V" line="62"><counter type="INSTRUCTION" missed="6" covered="0"/><counter type="LINE" missed="1" covered="0"/><counter type="COMPLEXITY" missed="1" covered="0"/><counter type="METHOD" missed="1" covered="0"/></method><method name="lambda$writeWindows$39fe5340$1" desc="(Ljava/lang/String;Ljava/util/Iterator;)V" line="39"><counter type="INSTRUCTION" missed="4" covered="0"/><counter type="LINE" missed="1" covered="0"/><counter type="COMPLEXITY" missed="1" covered="0"/><counter type="METHOD" missed="1" covered="0"/></method><method name="lambda$writeEvents$39fe5340$1" desc="(Ljava/lang/String;Ljava/util/Iterator;)V" line="35"><counter type="INSTRUCTION" missed="4" covered="0"/><counter type="LINE" missed="1" covered="0"/><counter type="COMPLEXITY" missed="1" covered="0"/><counter type="METHOD" missed="1" covered="0"/></method><counter type="INSTRUCTION" missed="309" covered="19"/><counter type="BRANCH" missed="22" covered="0"/><counter type="LINE" missed="54" covered="2"/><counter type="COMPLEXITY" missed="21" covered="1"/><counter type="METHOD" missed="10" covered="1"/><counter type="CLASS" missed="0" covered="1"/></class><class name="io/pulseguard/streaming/TransactionParser" sourcefilename="TransactionParser.java"><method name="parse" desc="(Ljava/lang/String;Ljava/time/Instant;)Lio/pulseguard/streaming/TransactionEvent;" line="29"><counter type="INSTRUCTION" missed="3" covered="148"/><counter type="BRANCH" missed="4" covered="22"/><counter type="LINE" missed="0" covered="30"/><counter type="COMPLEXITY" missed="4" covered="10"/><counter type="METHOD" missed="0" covered="1"/></method><method name="identifier" desc="(Lcom/fasterxml/jackson/databind/JsonNode;Ljava/lang/String;)Ljava/lang/String;" line="71"><counter type="INSTRUCTION" missed="0" covered="15"/><counter type="BRANCH" missed="0" covered="2"/><counter type="LINE" missed="0" covered="3"/><counter type="COMPLEXITY" missed="0" covered="2"/><counter type="METHOD" missed="0" covered="1"/></method><method name="string" desc="(Lcom/fasterxml/jackson/databind/JsonNode;Ljava/lang/String;)Ljava/lang/String;" line="77"><counter type="INSTRUCTION" missed="4" covered="12"/><counter type="BRANCH" missed="2" covered="2"/><counter type="LINE" missed="0" covered="3"/><counter type="COMPLEXITY" missed="2" covered="1"/><counter type="METHOD" missed="0" covered="1"/></method><method name="integer" desc="(Lcom/fasterxml/jackson/databind/JsonNode;Ljava/lang/String;)J" line="83"><counter type="INSTRUCTION" missed="0" covered="19"/><counter type="BRANCH" missed="1" covered="5"/><counter type="LINE" missed="0" covered="4"/><counter type="COMPLEXITY" missed="1" covered="3"/><counter type="METHOD" missed="0" covered="1"/></method><method name="invalid" desc="(Ljava/lang/String;)Ljava/lang/IllegalArgumentException;" line="91"><counter type="INSTRUCTION" missed="0" covered="5"/><counter type="LINE" missed="0" covered="1"/><counter type="COMPLEXITY" missed="0" covered="1"/><counter type="METHOD" missed="0" covered="1"/></method><method name="&lt;clinit&gt;" desc="()V" line="17"><counter type="INSTRUCTION" missed="0" covered="28"/><counter type="LINE" missed="0" covered="7"/><counter type="COMPLEXITY" missed="0" covered="1"/><counter type="METHOD" missed="0" covered="1"/></method><counter type="INSTRUCTION" missed="7" covered="227"/><counter type="BRANCH" missed="7" covered="31"/><counter type="LINE" missed="0" covered="48"/><counter type="COMPLEXITY" missed="7" covered="18"/><counter type="METHOD" missed="0" covered="6"/><counter type="CLASS" missed="0" covered="1"/></class><class name="io/pulseguard/streaming/PulseGuardStreaming" sourcefilename="PulseGuardStreaming.java"><method name="main" desc="([Ljava/lang/String;)V" line="19"><counter type="INSTRUCTION" missed="184" covered="0"/><counter type="BRANCH" missed="8" covered="0"/><counter type="LINE" missed="41" covered="0"/><counter type="COMPLEXITY" missed="5" covered="0"/><counter type="METHOD" missed="1" covered="0"/></method><method name="env" desc="(Ljava/lang/String;Ljava/lang/String;)Ljava/lang/String;" line="80"><counter type="INSTRUCTION" missed="12" covered="0"/><counter type="BRANCH" missed="4" covered="0"/><counter type="LINE" missed="2" covered="0"/><counter type="COMPLEXITY" missed="3" covered="0"/><counter type="METHOD" missed="1" covered="0"/></method><method name="lambda$main$bd80768d$2" desc="(Ljava/lang/String;Lorg/apache/spark/sql/Dataset;Ljava/lang/Long;)V" line="70"><counter type="INSTRUCTION" missed="4" covered="0"/><counter type="LINE" missed="1" covered="0"/><counter type="COMPLEXITY" missed="1" covered="0"/><counter type="METHOD" missed="1" covered="0"/></method><method name="lambda$main$bd80768d$1" desc="(Ljava/lang/String;Lorg/apache/spark/sql/Dataset;Ljava/lang/Long;)V" line="64"><counter type="INSTRUCTION" missed="4" covered="0"/><counter type="LINE" missed="1" covered="0"/><counter type="COMPLEXITY" missed="1" covered="0"/><counter type="METHOD" missed="1" covered="0"/></method><method name="&lt;clinit&gt;" desc="()V" line="14"><counter type="INSTRUCTION" missed="4" covered="0"/><counter type="LINE" missed="1" covered="0"/><counter type="COMPLEXITY" missed="1" covered="0"/><counter type="METHOD" missed="1" covered="0"/></method><counter type="INSTRUCTION" missed="208" covered="0"/><counter type="BRANCH" missed="12" covered="0"/><counter type="LINE" missed="44" covered="0"/><counter type="COMPLEXITY" missed="11" covered="0"/><counter type="METHOD" missed="5" covered="0"/><counter type="CLASS" missed="1" covered="0"/></class><class name="io/pulseguard/streaming/RiskRules" sourcefilename="RiskRules.java"><method name="eventAlerts" desc="(Lio/pulseguard/streaming/TransactionEvent;Ljava/time/Instant;)Ljava/util/List;" line="18"><counter type="INSTRUCTION" missed="0" covered="36"/><counter type="BRANCH" missed="0" covered="2"/><counter type="LINE" missed="0" covered="6"/><counter type="COMPLEXITY" missed="0" covered="2"/><counter type="METHOD" missed="0" covered="1"/></method><method name="windowAlerts" desc="(Lio/pulseguard/streaming/WindowSnapshot;Ljava/time/Instant;)Ljava/util/List;" line="27"><counter type="INSTRUCTION" missed="0" covered="36"/><counter type="BRANCH" missed="0" covered="4"/><counter type="LINE" missed="0" covered="6"/><counter type="COMPLEXITY" missed="0" covered="3"/><counter type="METHOD" missed="0" covered="1"/></method><method name="windowAlert" desc="(Lio/pulseguard/streaming/WindowSnapshot;Ljava/time/Instant;Ljava/lang/String;Ljava/lang/String;ILjava/lang/String;)Lorg/bson/Document;" line="41"><counter type="INSTRUCTION" missed="0" covered="40"/><counter type="LINE" missed="0" covered="7"/><counter type="COMPLEXITY" missed="0" covered="1"/><counter type="METHOD" missed="0" covered="1"/></method><method name="base" desc="(Ljava/lang/String;Ljava/lang/String;Ljava/lang/String;ILjava/lang/String;Ljava/lang/String;Ljava/time/Instant;Ljava/time/Instant;)Lorg/bson/Document;" line="52"><counter type="INSTRUCTION" missed="0" covered="33"/><counter type="LINE" missed="0" covered="4"/><counter type="COMPLEXITY" missed="0" covered="1"/><counter type="METHOD" missed="0" covered="1"/></method><counter type="INSTRUCTION" missed="0" covered="145"/><counter type="BRANCH" missed="0" covered="6"/><counter type="LINE" missed="0" covered="23"/><counter type="COMPLEXITY" missed="0" covered="7"/><counter type="METHOD" missed="0" covered="4"/><counter type="CLASS" missed="0" covered="1"/></class><class name="io/pulseguard/streaming/StreamTransforms" sourcefilename="StreamTransforms.java"><method name="decode" desc="(Lorg/apache/spark/sql/Dataset;)Lorg/apache/spark/sql/Dataset;" line="34"><counter type="INSTRUCTION" missed="0" covered="36"/><counter type="LINE" missed="0" covered="3"/><counter type="COMPLEXITY" missed="0" covered="1"/><counter type="METHOD" missed="0" covered="1"/></method><method name="decodeRow" desc="(Lorg/apache/spark/sql/Row;)Lorg/apache/spark/sql/Row;" line="40"><counter type="INSTRUCTION" missed="8" covered="173"/><counter type="BRANCH" missed="4" covered="4"/><counter type="LINE" missed="0" covered="12"/><counter type="COMPLEXITY" missed="4" covered="1"/><counter type="METHOD" missed="0" covered="1"/></method><method name="validEvents" desc="(Lorg/apache/spark/sql/Dataset;)Lorg/apache/spark/sql/Dataset;" line="58"><counter type="INSTRUCTION" missed="0" covered="6"/><counter type="LINE" missed="0" covered="1"/><counter type="COMPLEXITY" missed="0" covered="1"/><counter type="METHOD" missed="0" covered="1"/></method><method name="windows" desc="(Lorg/apache/spark/sql/Dataset;)Lorg/apache/spark/sql/Dataset;" line="64"><counter type="INSTRUCTION" missed="0" covered="102"/><counter type="LINE" missed="0" covered="12"/><counter type="COMPLEXITY" missed="0" covered="1"/><counter type="METHOD" missed="0" covered="1"/></method><method name="&lt;clinit&gt;" desc="()V" line="16"><counter type="INSTRUCTION" missed="0" covered="57"/><counter type="LINE" missed="0" covered="14"/><counter type="COMPLEXITY" missed="0" covered="1"/><counter type="METHOD" missed="0" covered="1"/></method><counter type="INSTRUCTION" missed="8" covered="374"/><counter type="BRANCH" missed="4" covered="4"/><counter type="LINE" missed="0" covered="42"/><counter type="COMPLEXITY" missed="4" covered="5"/><counter type="METHOD" missed="0" covered="5"/><counter type="CLASS" missed="0" covered="1"/></class><sourcefile name="RiskRules.java"><line nr="18" mi="0" ci="7" mb="0" cb="2"/><line nr="19" mi="0" ci="12" mb="0" cb="0"/><line nr="20" mi="0" ci="6" mb="0" cb="0"/><line nr="21" mi="0" ci="4" mb="0" cb="0"/><line nr="22" mi="0" ci="5" mb="0" cb="0"/><line nr="23" mi="0" ci="2" mb="0" cb="0"/><line nr="27" mi="0" ci="4" mb="0" cb="0"/><line nr="28" mi="0" ci="5" mb="0" cb="2"/><line nr="29" mi="0" ci="10" mb="0" cb="0"/><line nr="32" mi="0" ci="5" mb="0" cb="2"/><line nr="33" mi="0" ci="10" mb="0" cb="0"/><line nr="36" mi="0" ci="2" mb="0" cb="0"/><line nr="41" mi="0" ci="14" mb="0" cb="0"/><line nr="42" mi="0" ci="4" mb="0" cb="0"/><line nr="43" mi="0" ci="5" mb="0" cb="0"/><line nr="44" mi="0" ci="5" mb="0" cb="0"/><line nr="45" mi="0" ci="5" mb="0" cb="0"/><line nr="46" mi="0" ci="5" mb="0" cb="0"/><line nr="47" mi="0" ci="2" mb="0" cb="0"/><line nr="52" mi="0" ci="14" mb="0" cb="0"/><line nr="53" mi="0" ci="10" mb="0" cb="0"/><line nr="54" mi="0" ci="8" mb="0" cb="0"/><line nr="55" mi="0" ci="1" mb="0" cb="0"/><counter type="INSTRUCTION" missed="0" covered="145"/><counter type="BRANCH" missed="0" covered="6"/><counter type="LINE" missed="0" covered="23"/><counter type="COMPLEXITY" missed="0" covered="7"/><counter type="METHOD" missed="0" covered="4"/><counter type="CLASS" missed="0" covered="1"/></sourcefile><sourcefile name="StreamTransforms.java"><line nr="16" mi="0" ci="7" mb="0" cb="0"/><line nr="17" mi="0" ci="4" mb="0" cb="0"/><line nr="18" mi="0" ci="4" mb="0" cb="0"/><line nr="19" mi="0" ci="4" mb="0" cb="0"/><line nr="20" mi="0" ci="4" mb="0" cb="0"/><line nr="21" mi="0" ci="4" mb="0" cb="0"/><line nr="22" mi="0" ci="4" mb="0" cb="0"/><line nr="23" mi="0" ci="4" mb="0" cb="0"/><line nr="24" mi="0" ci="4" mb="0" cb="0"/><line nr="25" mi="0" ci="4" mb="0" cb="0"/><line nr="26" mi="0" ci="4" mb="0" cb="0"/><line nr="27" mi="0" ci="4" mb="0" cb="0"/><line nr="28" mi="0" ci="4" mb="0" cb="0"/><line nr="29" mi="0" ci="2" mb="0" cb="0"/><line nr="34" mi="0" ci="25" mb="0" cb="0"/><line nr="35" mi="0" ci="9" mb="0" cb="0"/><line nr="36" mi="0" ci="2" mb="0" cb="0"/><line nr="40" mi="0" ci="4" mb="0" cb="0"/><line nr="41" mi="0" ci="4" mb="0" cb="0"/><line nr="42" mi="0" ci="4" mb="0" cb="0"/><line nr="43" mi="2" ci="8" mb="1" cb="1"/><line nr="44" mi="2" ci="8" mb="1" cb="1"/><line nr="46" mi="2" ci="7" mb="1" cb="1"/><line nr="47" mi="0" ci="29" mb="0" cb="0"/><line nr="48" mi="0" ci="21" mb="0" cb="0"/><line nr="49" mi="0" ci="18" mb="0" cb="0"/><line nr="50" mi="0" ci="1" mb="0" cb="0"/><line nr="51" mi="2" ci="10" mb="1" cb="1"/><line nr="52" mi="0" ci="59" mb="0" cb="0"/><line nr="58" mi="0" ci="6" mb="0" cb="0"/><line nr="64" mi="0" ci="10" mb="0" cb="0"/><line nr="65" mi="0" ci="20" mb="0" cb="0"/><line nr="66" mi="0" ci="19" mb="0" cb="0"/><line nr="67" mi="0" ci="18" mb="0" cb="0"/><line nr="68" mi="0" ci="7" mb="0" cb="0"/><line nr="69" mi="0" ci="10" mb="0" cb="0"/><line nr="70" mi="0" ci="2" mb="0" cb="0"/><line nr="71" mi="0" ci="5" mb="0" cb="0"/><line nr="72" mi="0" ci="2" mb="0" cb="0"/><line nr="73" mi="0" ci="5" mb="0" cb="0"/><line nr="74" mi="0" ci="2" mb="0" cb="0"/><line nr="75" mi="0" ci="2" mb="0" cb="0"/><counter type="INSTRUCTION" missed="8" covered="374"/><counter type="BRANCH" missed="4" covered="4"/><counter type="LINE" missed="0" covered="42"/><counter type="COMPLEXITY" missed="4" covered="5"/><counter type="METHOD" missed="0" covered="5"/><counter type="CLASS" missed="0" covered="1"/></sourcefile><sourcefile name="TransactionEvent.java"><line nr="7" mi="0" ci="27" mb="0" cb="0"/><counter type="INSTRUCTION" missed="0" covered="27"/><counter type="LINE" missed="0" covered="1"/><counter type="COMPLEXITY" missed="0" covered="1"/><counter type="METHOD" missed="0" covered="1"/><counter type="CLASS" missed="0" covered="1"/></sourcefile><sourcefile name="MongoSinks.java"><line nr="35" mi="8" ci="0" mb="0" cb="0"/><line nr="36" mi="1" ci="0" mb="0" cb="0"/><line nr="39" mi="8" ci="0" mb="0" cb="0"/><line nr="40" mi="1" ci="0" mb="0" cb="0"/><line nr="43" mi="4" ci="0" mb="2" cb="0"/><line nr="44" mi="3" ci="0" mb="0" cb="0"/><line nr="45" mi="4" ci="0" mb="0" cb="0"/><line nr="46" mi="5" ci="0" mb="0" cb="0"/><line nr="47" mi="5" ci="0" mb="0" cb="0"/><line nr="48" mi="3" ci="0" mb="2" cb="0"/><line nr="49" mi="4" ci="0" mb="0" cb="0"/><line nr="50" mi="2" ci="0" mb="0" cb="0"/><line nr="51" mi="5" ci="0" mb="0" cb="0"/><line nr="52" mi="2" ci="0" mb="2" cb="0"/><line nr="53" mi="20" ci="0" mb="0" cb="0"/><line nr="54" mi="10" ci="0" mb="0" cb="0"/><line nr="55" mi="8" ci="0" mb="0" cb="0"/><line nr="56" mi="7" ci="0" mb="0" cb="0"/><line nr="57" mi="5" ci="0" mb="0" cb="0"/><line nr="58" mi="1" ci="0" mb="0" cb="0"/><line nr="59" mi="12" ci="0" mb="0" cb="0"/><line nr="60" mi="13" ci="0" mb="0" cb="0"/><line nr="61" mi="13" ci="0" mb="0" cb="0"/><line nr="62" mi="12" ci="0" mb="0" cb="0"/><line nr="64" mi="9" ci="0" mb="2" cb="0"/><line nr="65" mi="9" ci="0" mb="2" cb="0"/><line nr="66" mi="1" ci="0" mb="0" cb="0"/><line nr="67" mi="5" ci="0" mb="0" cb="0"/><line nr="68" mi="5" ci="0" mb="0" cb="0"/><line nr="70" mi="1" ci="0" mb="0" cb="0"/><line nr="73" mi="4" ci="0" mb="2" cb="0"/><line nr="74" mi="3" ci="0" mb="0" cb="0"/><line nr="75" mi="4" ci="0" mb="0" cb="0"/><line nr="76" mi="5" ci="0" mb="0" cb="0"/><line nr="77" mi="5" ci="0" mb="0" cb="0"/><line nr="78" mi="3" ci="0" mb="2" cb="0"/><line nr="79" mi="5" ci="0" mb="0" cb="0"/><line nr="80" mi="2" ci="0" mb="0" cb="0"/><line nr="82" mi="16" ci="0" mb="0" cb="0"/><line nr="83" mi="2" ci="0" mb="0" cb="0"/><line nr="84" mi="12" ci="0" mb="0" cb="0"/><line nr="85" mi="9" ci="0" mb="2" cb="0"/><line nr="86" mi="9" ci="0" mb="2" cb="0"/><line nr="87" mi="1" ci="0" mb="0" cb="0"/><line nr="88" mi="5" ci="0" mb="0" cb="0"/><line nr="89" mi="5" ci="0" mb="0" cb="0"/><line nr="91" mi="1" ci="0" mb="0" cb="0"/><line nr="94" mi="0" ci="17" mb="0" cb="0"/><line nr="95" mi="0" ci="2" mb="0" cb="0"/><line nr="99" mi="6" ci="0" mb="0" cb="0"/><line nr="100" mi="9" ci="0" mb="2" cb="0"/><line nr="101" mi="1" ci="0" mb="0" cb="0"/><line nr="105" mi="4" ci="0" mb="2" cb="0"/><line nr="106" mi="9" ci="0" mb="0" cb="0"/><line nr="107" mi="2" ci="0" mb="0" cb="0"/><line nr="108" mi="1" ci="0" mb="0" cb="0"/><counter type="INSTRUCTION" missed="309" covered="19"/><counter type="BRANCH" missed="22" covered="0"/><counter type="LINE" missed="54" covered="2"/><counter type="COMPLEXITY" missed="21" covered="1"/><counter type="METHOD" missed="10" covered="1"/><counter type="CLASS" missed="0" covered="1"/></sourcefile><sourcefile name="PulseGuardStreaming.java"><line nr="14" mi="4" ci="0" mb="0" cb="0"/><line nr="19" mi="4" ci="0" mb="0" cb="0"/><line nr="20" mi="4" ci="0" mb="0" cb="0"/><line nr="21" mi="4" ci="0" mb="0" cb="0"/><line nr="22" mi="7" ci="0" mb="0" cb="0"/><line nr="23" mi="5" ci="0" mb="0" cb="0"/><line nr="24" mi="9" ci="0" mb="2" cb="0"/><line nr="26" mi="6" ci="0" mb="0" cb="0"/><line nr="27" mi="8" ci="0" mb="2" cb="0"/><line nr="28" mi="9" ci="0" mb="2" cb="0"/><line nr="30" mi="5" ci="0" mb="0" cb="0"/><line nr="31" mi="5" ci="0" mb="0" cb="0"/><line nr="32" mi="3" ci="0" mb="0" cb="0"/><line nr="33" mi="3" ci="0" mb="0" cb="0"/><line nr="34" mi="1" ci="0" mb="0" cb="0"/><line nr="35" mi="2" ci="0" mb="0" cb="0"/><line nr="36" mi="6" ci="0" mb="0" cb="0"/><line nr="37" mi="9" ci="0" mb="0" cb="0"/><line nr="39" mi="7" ci="0" mb="0" cb="0"/><line nr="40" mi="1" ci="0" mb="0" cb="0"/><line nr="43" mi="6" ci="0" mb="0" cb="0"/><line nr="44" mi="1" ci="0" mb="0" cb="0"/><line nr="46" mi="7" ci="0" mb="0" cb="0"/><line nr="47" mi="1" ci="0" mb="0" cb="0"/><line nr="49" mi="11" ci="0" mb="0" cb="0"/><line nr="52" mi="6" ci="0" mb="0" cb="0"/><line nr="53" mi="3" ci="0" mb="0" cb="0"/><line nr="54" mi="3" ci="0" mb="0" cb="0"/><line nr="55" mi="3" ci="0" mb="0" cb="0"/><line nr="56" mi="3" ci="0" mb="0" cb="0"/><line nr="57" mi="1" ci="0" mb="0" cb="0"/><line nr="58" mi="2" ci="0" mb="0" cb="0"/><line nr="59" mi="3" ci="0" mb="0" cb="0"/><line nr="61" mi="7" ci="0" mb="0" cb="0"/><line nr="62" mi="2" ci="0" mb="0" cb="0"/><line nr="63" mi="4" ci="0" mb="0" cb="0"/><line nr="64" mi="5" ci="0" mb="0" cb="0"/><line nr="65" mi="2" ci="0" mb="0" cb="0"/><line nr="66" mi="3" ci="0" mb="0" cb="0"/><line nr="67" mi="8" ci="0" mb="0" cb="0"/><line nr="68" mi="2" ci="0" mb="0" cb="0"/><line nr="69" mi="4" ci="0" mb="0" cb="0"/><line nr="70" mi="5" ci="0" mb="0" cb="0"/><line nr="71" mi="2" ci="0" mb="0" cb="0"/><line nr="72" mi="3" ci="0" mb="0" cb="0"/><line nr="74" mi="20" ci="0" mb="2" cb="0"/><line nr="75" mi="2" ci="0" mb="0" cb="0"/><line nr="77" mi="1" ci="0" mb="0" cb="0"/><line nr="80" mi="3" ci="0" mb="0" cb="0"/><line nr="81" mi="9" ci="0" mb="4" cb="0"/><counter type="INSTRUCTION" missed="234" covered="0"/><counter type="BRANCH" missed="12" covered="0"/><counter type="LINE" missed="50" covered="0"/><counter type="COMPLEXITY" missed="15" covered="0"/><counter type="METHOD" missed="9" covered="0"/><counter type="CLASS" missed="2" covered="0"/></sourcefile><sourcefile name="TransactionParser.java"><line nr="17" mi="0" ci="4" mb="0" cb="0"/><line nr="18" mi="0" ci="4" mb="0" cb="0"/><line nr="19" mi="0" ci="2" mb="0" cb="0"/><line nr="20" mi="0" ci="3" mb="0" cb="0"/><line nr="21" mi="0" ci="3" mb="0" cb="0"/><line nr="22" mi="0" ci="6" mb="0" cb="0"/><line nr="23" mi="0" ci="6" mb="0" cb="0"/><line nr="29" mi="0" ci="8" mb="1" cb="3"/><line nr="30" mi="3" ci="4" mb="1" cb="1"/><line nr="33" mi="0" ci="4" mb="0" cb="0"/><line nr="34" mi="0" ci="1" mb="0" cb="0"/><line nr="36" mi="0" ci="3" mb="0" cb="0"/><line nr="37" mi="0" ci="1" mb="0" cb="0"/><line nr="38" mi="0" ci="8" mb="1" cb="3"/><line nr="39" mi="0" ci="9" mb="0" cb="2"/><line nr="40" mi="0" ci="4" mb="0" cb="0"/><line nr="41" mi="0" ci="4" mb="0" cb="0"/><line nr="42" mi="0" ci="4" mb="0" cb="0"/><line nr="43" mi="0" ci="4" mb="0" cb="0"/><line nr="44" mi="0" ci="11" mb="0" cb="4"/><line nr="45" mi="0" ci="4" mb="0" cb="0"/><line nr="46" mi="0" ci="7" mb="0" cb="2"/><line nr="47" mi="0" ci="4" mb="0" cb="0"/><line nr="48" mi="0" ci="8" mb="0" cb="2"/><line nr="49" mi="0" ci="4" mb="0" cb="0"/><line nr="50" mi="0" ci="7" mb="0" cb="2"/><line nr="53" mi="0" ci="5" mb="0" cb="0"/><line nr="54" mi="0" ci="1" mb="0" cb="0"/><line nr="55" mi="0" ci="3" mb="0" cb="0"/><line nr="56" mi="0" ci="1" mb="0" cb="0"/><line nr="59" mi="0" ci="11" mb="0" cb="0"/><line nr="60" mi="0" ci="1" mb="0" cb="0"/><line nr="61" mi="0" ci="3" mb="0" cb="0"/><line nr="62" mi="0" ci="1" mb="0" cb="0"/><line nr="64" mi="0" ci="8" mb="1" cb="3"/><line nr="65" mi="0" ci="3" mb="0" cb="0"/><line nr="67" mi="0" ci="12" mb="0" cb="0"/><line nr="71" mi="0" ci="4" mb="0" cb="0"/><line nr="72" mi="0" ci="9" mb="0" cb="2"/><line nr="73" mi="0" ci="2" mb="0" cb="0"/><line nr="77" mi="0" ci="4" mb="0" cb="0"/><line nr="78" mi="4" ci="5" mb="2" cb="2"/><line nr="79" mi="0" ci="3" mb="0" cb="0"/><line nr="83" mi="0" ci="4" mb="0" cb="0"/><line nr="84" mi="0" ci="8" mb="1" cb="5"/><line nr="85" mi="0" ci="4" mb="0" cb="0"/><line nr="87" mi="0" ci="3" mb="0" cb="0"/><line nr="91" mi="0" ci="5" mb="0" cb="0"/><counter type="INSTRUCTION" missed="7" covered="227"/><counter type="BRANCH" missed="7" covered="31"/><counter type="LINE" missed="0" covered="48"/><counter type="COMPLEXITY" missed="7" covered="18"/><counter type="METHOD" missed="0" covered="6"/><counter type="CLASS" missed="0" covered="1"/></sourcefile><sourcefile name="WindowSnapshot.java"><line nr="9" mi="0" ci="27" mb="0" cb="0"/><line nr="13" mi="0" ci="13" mb="0" cb="0"/><line nr="14" mi="0" ci="5" mb="0" cb="0"/><line nr="15" mi="0" ci="5" mb="0" cb="0"/><line nr="16" mi="0" ci="10" mb="0" cb="0"/><line nr="17" mi="0" ci="9" mb="0" cb="0"/><line nr="21" mi="0" ci="9" mb="0" cb="0"/><line nr="25" mi="0" ci="18" mb="0" cb="0"/><line nr="26" mi="0" ci="10" mb="0" cb="0"/><line nr="27" mi="0" ci="10" mb="0" cb="0"/><line nr="28" mi="0" ci="9" mb="0" cb="0"/><line nr="29" mi="0" ci="2" mb="0" cb="0"/><counter type="INSTRUCTION" missed="0" covered="127"/><counter type="LINE" missed="0" covered="12"/><counter type="COMPLEXITY" missed="0" covered="4"/><counter type="METHOD" missed="0" covered="4"/><counter type="CLASS" missed="0" covered="1"/></sourcefile><counter type="INSTRUCTION" missed="558" covered="919"/><counter type="BRANCH" missed="45" covered="41"/><counter type="LINE" missed="104" covered="128"/><counter type="COMPLEXITY" missed="47" covered="36"/><counter type="METHOD" missed="19" covered="21"/><counter type="CLASS" missed="2" covered="6"/></package><counter type="INSTRUCTION" missed="558" covered="919"/><counter type="BRANCH" missed="45" covered="41"/><counter type="LINE" missed="104" covered="128"/><counter type="COMPLEXITY" missed="47" covered="36"/><counter type="METHOD" missed="19" covered="21"/><counter type="CLASS" missed="2" covered="6"/></report>